[2026-06-29 03:12:57] [経営] [CEO] 企画『Planner AI』を採用しました。
[2026-06-29 03:12:57] [経営] [CEO] 企画へ仕事を依頼：動画企画
[2026-06-29 03:12:57] [企画] [Planner AI] 企画を開始
[2026-06-29 03:12:57] [経営] [CEO] 企画が仕事を完了しました。
[2026-06-29 17:20:24] [経営] [CEO] 企画『Planner AI』を採用しました。
[2026-06-29 17:20:24] [経営] [CEO] 脚本『Script Writer AI』を採用しました。
[2026-06-29 17:20:24] [経営] [CEO] 企画へ仕事を依頼：動画企画
[2026-06-29 17:20:24] [企画] [Planner AI] 企画を開始しました。
[2026-06-29 17:20:24] [経営] [CEO] 企画が仕事を完了しました。
[2026-06-29 17:20:24] [経営] [CEO] 脚本へ仕事を依頼：脚本作成
[2026-06-29 17:20:24] [脚本] [Script Writer AI] 脚本作成を開始しました。
[2026-06-29 17:20:24] [経営] [CEO] 脚本が仕事を完了しました。
[2026-06-29 17:35:04] [経営] [CEO] 企画『Planner AI』を採用しました。
[2026-06-29 17:35:04] [経営] [CEO] 脚本『Script Writer AI』を採用しました。
[2026-06-29 17:35:04] [経営] [CEO] 演出『Director AI』を採用しました。
[2026-06-29 17:35:04] [経営] [CEO] 美術『Artist AI』を採用しました。
[2026-06-29 17:35:04] [経営] [CEO] 声優『Voice Actor AI』を採用しました。
[2026-06-29 17:35:04] [経営] [CEO] 企画へ仕事を依頼：動画企画
[2026-06-29 17:35:04] [企画] [Planner AI] 企画を開始しました。
[2026-06-29 17:35:04] [経営] [CEO] 企画が仕事を完了しました。
[2026-06-29 17:35:04] [経営] [CEO] 脚本へ仕事を依頼：脚本作成
[2026-06-29 17:35:04] [脚本] [Script Writer AI] 脚本作成を開始しました。
[2026-06-29 17:35:04] [経営] [CEO] 脚本が仕事を完了しました。
[2026-06-29 17:35:04] [経営] [CEO] 演出へ仕事を依頼：シーン分割
[2026-06-29 17:35:04] [演出] [Director AI] シーン分割を開始しました。
[2026-06-29 17:35:04] [経営] [CEO] 演出が仕事を完了しました。
[2026-06-29 17:35:04] [経営] [CEO] 美術へ仕事を依頼：画像生成
[2026-06-29 17:35:04] [美術] [Artist AI] 画像生成を開始しました。
[2026-06-29 17:35:04] [美術] [Artist AI] シーン1の画像を生成します。
[2026-06-29 17:35:25] [美術] [Artist AI] 画像を保存しました：C:\Users\Koshi\OneDrive\Desktop\AI会社\outputs\images\scene1.png
[2026-06-29 17:35:25] [美術] [Artist AI] シーン2の画像を生成します。
[2026-06-29 17:35:40] [美術] [Artist AI] 画像を保存しました：C:\Users\Koshi\OneDrive\Desktop\AI会社\outputs\images\scene2.png
[2026-06-29 17:35:40] [美術] [Artist AI] シーン3の画像を生成します。
[2026-06-29 17:35:57] [美術] [Artist AI] 画像を保存しました：C:\Users\Koshi\OneDrive\Desktop\AI会社\outputs\images\scene3.png
[2026-06-29 17:35:57] [美術] [Artist AI] シーン4の画像を生成します。
[2026-06-29 17:36:11] [美術] [Artist AI] 画像を保存しました：C:\Users\Koshi\OneDrive\Desktop\AI会社\outputs\images\scene4.png
[2026-06-29 17:36:11] [美術] [Artist AI] シーン5の画像を生成します。
[2026-06-29 17:36:27] [美術] [Artist AI] 画像を保存しました：C:\Users\Koshi\OneDrive\Desktop\AI会社\outputs\images\scene5.png
[2026-06-29 17:36:27] [経営] [CEO] 美術が仕事を完了しました。
[2026-06-29 17:36:27] [経営] [CEO] 声優へ仕事を依頼：音声生成
[2026-06-29 17:36:27] [声優] [Voice Actor AI] 音声生成を開始しました。
[2026-06-29 17:36:27] [声優] [Voice Actor AI] シーン1の音声を生成します。
[2026-06-29 17:36:30] [声優] [Voice Actor AI] シーン2の音声を生成します。
[2026-06-29 17:36:32] [声優] [Voice Actor AI] シーン3の音声を生成します。
[2026-06-29 17:36:34] [声優] [Voice Actor AI] シーン4の音声を生成します。
[2026-06-29 17:36:36] [声優] [Voice Actor AI] シーン5の音声を生成します。
[2026-06-29 17:36:38] [経営] [CEO] 声優が仕事を完了しました。
[2026-06-29 17:40:32] [経営] [CEO] 企画『Planner AI』を採用しました。
[2026-06-29 17:40:32] [経営] [CEO] 脚本『Script Writer AI』を採用しました。
[2026-06-29 17:40:32] [経営] [CEO] 演出『Director AI』を採用しました。
[2026-06-29 17:40:32] [経営] [CEO] 美術『Artist AI』を採用しました。
[2026-06-29 17:40:32] [経営] [CEO] 声優『Voice Actor AI』を採用しました。
[2026-06-29 17:40:32] [経営] [CEO] 編集『Editor AI』を採用しました。
[2026-06-29 17:40:32] [経営] [CEO] 企画へ仕事を依頼：動画企画
[2026-06-29 17:40:32] [企画] [Planner AI] 企画を開始しました。
[2026-06-29 17:40:32] [経営] [CEO] 企画が仕事を完了しました。
[2026-06-29 17:40:32] [経営] [CEO] 脚本へ仕事を依頼：脚本作成
[2026-06-29 17:40:32] [脚本] [Script Writer AI] 脚本作成を開始しました。
[2026-06-29 17:40:32] [経営] [CEO] 脚本が仕事を完了しました。
[2026-06-29 17:40:32] [経営] [CEO] 演出へ仕事を依頼：シーン分割
[2026-06-29 17:40:32] [演出] [Director AI] シーン分割を開始しました。
[2026-06-29 17:40:32] [経営] [CEO] 演出が仕事を完了しました。
[2026-06-29 17:40:32] [経営] [CEO] 美術へ仕事を依頼：画像生成
[2026-06-29 17:40:32] [美術] [Artist AI] 画像生成を開始しました。
[2026-06-29 17:40:32] [美術] [Artist AI] シーン1の画像を生成します。
[2026-06-29 17:42:20] [経営] [CEO] 企画『Planner AI』を採用しました。
[2026-06-29 17:42:20] [経営] [CEO] 脚本『Script Writer AI』を採用しました。
[2026-06-29 17:42:20] [経営] [CEO] 演出『Director AI』を採用しました。
[2026-06-29 17:42:20] [経営] [CEO] 美術『Artist AI』を採用しました。
[2026-06-29 17:42:20] [経営] [CEO] 声優『Voice Actor AI』を採用しました。
[2026-06-29 17:42:20] [経営] [CEO] 編集『Editor AI』を採用しました。
[2026-06-29 17:42:20] [経営] [CEO] 企画へ仕事を依頼：動画企画
[2026-06-29 17:42:20] [企画] [Planner AI] 企画を開始しました。
[2026-06-29 17:42:20] [経営] [CEO] 企画が仕事を完了しました。
[2026-06-29 17:42:20] [経営] [CEO] 脚本へ仕事を依頼：脚本作成
[2026-06-29 17:42:20] [脚本] [Script Writer AI] 脚本作成を開始しました。
[2026-06-29 17:42:20] [経営] [CEO] 脚本が仕事を完了しました。
[2026-06-29 17:42:20] [経営] [CEO] 演出へ仕事を依頼：シーン分割
[2026-06-29 17:42:20] [演出] [Director AI] シーン分割を開始しました。
[2026-06-29 17:42:20] [経営] [CEO] 演出が仕事を完了しました。
[2026-06-29 17:42:20] [経営] [CEO] 美術へ仕事を依頼：画像生成
[2026-06-29 17:42:20] [美術] [Artist AI] 画像生成を開始しました。
[2026-06-29 17:42:20] [美術] [Artist AI] シーン1の画像は既に存在するため再利用します。
[2026-06-29 17:42:20] [美術] [Artist AI] シーン2の画像は既に存在するため再利用します。
[2026-06-29 17:42:20] [美術] [Artist AI] シーン3の画像は既に存在するため再利用します。
[2026-06-29 17:42:20] [美術] [Artist AI] シーン4の画像は既に存在するため再利用します。
[2026-06-29 17:42:20] [美術] [Artist AI] シーン5の画像は既に存在するため再利用します。
[2026-06-29 17:42:20] [経営] [CEO] 美術が仕事を完了しました。
[2026-06-29 17:42:20] [経営] [CEO] 声優へ仕事を依頼：音声生成
[2026-06-29 17:42:20] [声優] [Voice Actor AI] 音声生成を開始しました。
[2026-06-29 17:42:20] [声優] [Voice Actor AI] シーン1の音声を生成します。
[2026-06-29 17:43:28] [経営] [CEO] 企画『Planner AI』を採用しました。
[2026-06-29 17:43:28] [経営] [CEO] 脚本『Script Writer AI』を採用しました。
[2026-06-29 17:43:28] [経営] [CEO] 演出『Director AI』を採用しました。
[2026-06-29 17:43:28] [経営] [CEO] 美術『Artist AI』を採用しました。
[2026-06-29 17:43:28] [経営] [CEO] 声優『Voice Actor AI』を採用しました。
[2026-06-29 17:43:28] [経営] [CEO] 編集『Editor AI』を採用しました。
[2026-06-29 17:43:28] [経営] [CEO] 企画へ仕事を依頼：動画企画
[2026-06-29 17:43:28] [企画] [Planner AI] 企画を開始しました。
[2026-06-29 17:43:28] [経営] [CEO] 企画が仕事を完了しました。
[2026-06-29 17:43:28] [経営] [CEO] 脚本へ仕事を依頼：脚本作成
[2026-06-29 17:43:28] [脚本] [Script Writer AI] 脚本作成を開始しました。
[2026-06-29 17:43:28] [経営] [CEO] 脚本が仕事を完了しました。
[2026-06-29 17:43:28] [経営] [CEO] 演出へ仕事を依頼：シーン分割
[2026-06-29 17:43:28] [演出] [Director AI] シーン分割を開始しました。
[2026-06-29 17:43:28] [経営] [CEO] 演出が仕事を完了しました。
[2026-06-29 17:43:28] [経営] [CEO] 美術へ仕事を依頼：画像生成
[2026-06-29 17:43:28] [美術] [Artist AI] 画像生成を開始しました。
[2026-06-29 17:43:28] [美術] [Artist AI] シーン1の画像は既に存在するため再利用します。
[2026-06-29 17:43:28] [美術] [Artist AI] シーン2の画像は既に存在するため再利用します。
[2026-06-29 17:43:28] [美術] [Artist AI] シーン3の画像は既に存在するため再利用します。
[2026-06-29 17:43:28] [美術] [Artist AI] シーン4の画像は既に存在するため再利用します。
[2026-06-29 17:43:28] [美術] [Artist AI] シーン5の画像は既に存在するため再利用します。
[2026-06-29 17:43:28] [経営] [CEO] 美術が仕事を完了しました。
[2026-06-29 17:43:28] [経営] [CEO] 声優へ仕事を依頼：音声生成
[2026-06-29 17:43:28] [声優] [Voice Actor AI] 音声生成を開始しました。
[2026-06-29 17:43:28] [声優] [Voice Actor AI] シーン1の音声は既に存在するため再利用します。
[2026-06-29 17:43:28] [声優] [Voice Actor AI] シーン2の音声は既に存在するため再利用します。
[2026-06-29 17:43:28] [声優] [Voice Actor AI] シーン3の音声は既に存在するため再利用します。
[2026-06-29 17:43:28] [声優] [Voice Actor AI] シーン4の音声は既に存在するため再利用します。
[2026-06-29 17:43:28] [声優] [Voice Actor AI] シーン5の音声は既に存在するため再利用します。
[2026-06-29 17:43:28] [経営] [CEO] 声優が仕事を完了しました。
[2026-06-29 17:43:28] [経営] [CEO] 編集へ仕事を依頼：動画編集
[2026-06-29 17:43:28] [編集] [Editor AI] 動画編集を開始しました。
[2026-06-29 17:43:28] [編集] [Editor AI] シーン1を編集します。6.67秒
[2026-06-29 17:43:28] [編集] [Editor AI] シーン2を編集します。3.15秒
[2026-06-29 17:43:28] [編集] [Editor AI] シーン3を編集します。4.92秒
[2026-06-29 17:43:28] [編集] [Editor AI] シーン4を編集します。4.70秒
[2026-06-29 17:43:28] [編集] [Editor AI] シーン5を編集します。4.67秒
[2026-06-29 17:43:28] [編集] [Editor AI] FFmpegで動画を書き出します。
[2026-06-29 17:45:07] [経営] [CEO] 企画『Planner AI』を採用しました。
[2026-06-29 17:45:07] [経営] [CEO] 脚本『Script Writer AI』を採用しました。
[2026-06-29 17:45:07] [経営] [CEO] 演出『Director AI』を採用しました。
[2026-06-29 17:45:07] [経営] [CEO] 美術『Artist AI』を採用しました。
[2026-06-29 17:45:07] [経営] [CEO] 声優『Voice Actor AI』を採用しました。
[2026-06-29 17:45:07] [経営] [CEO] 編集『Editor AI』を採用しました。
[2026-06-29 17:45:07] [経営] [CEO] 企画へ仕事を依頼：動画企画
[2026-06-29 17:45:07] [企画] [Planner AI] 企画を開始しました。
[2026-06-29 17:45:07] [経営] [CEO] 企画が仕事を完了しました。
[2026-06-29 17:45:07] [経営] [CEO] 脚本へ仕事を依頼：脚本作成
[2026-06-29 17:45:07] [脚本] [Script Writer AI] 脚本作成を開始しました。
[2026-06-29 17:45:07] [経営] [CEO] 脚本が仕事を完了しました。
[2026-06-29 17:45:07] [経営] [CEO] 演出へ仕事を依頼：シーン分割
[2026-06-29 17:45:07] [演出] [Director AI] シーン分割を開始しました。
[2026-06-29 17:45:07] [経営] [CEO] 演出が仕事を完了しました。
[2026-06-29 17:45:07] [経営] [CEO] 美術へ仕事を依頼：画像生成
[2026-06-29 17:45:07] [美術] [Artist AI] 画像生成を開始しました。
[2026-06-29 17:45:07] [美術] [Artist AI] シーン1の画像は既に存在するため再利用します。
[2026-06-29 17:45:07] [美術] [Artist AI] シーン2の画像は既に存在するため再利用します。
[2026-06-29 17:45:07] [美術] [Artist AI] シーン3の画像は既に存在するため再利用します。
[2026-06-29 17:45:07] [美術] [Artist AI] シーン4の画像は既に存在するため再利用します。
[2026-06-29 17:45:07] [美術] [Artist AI] シーン5の画像は既に存在するため再利用します。
[2026-06-29 17:45:07] [経営] [CEO] 美術が仕事を完了しました。
[2026-06-29 17:45:07] [経営] [CEO] 声優へ仕事を依頼：音声生成
[2026-06-29 17:45:07] [声優] [Voice Actor AI] 音声生成を開始しました。
[2026-06-29 17:45:07] [声優] [Voice Actor AI] シーン1の音声は既に存在するため再利用します。
[2026-06-29 17:45:07] [声優] [Voice Actor AI] シーン2の音声は既に存在するため再利用します。
[2026-06-29 17:45:07] [声優] [Voice Actor AI] シーン3の音声は既に存在するため再利用します。
[2026-06-29 17:45:07] [声優] [Voice Actor AI] シーン4の音声は既に存在するため再利用します。
[2026-06-29 17:45:07] [声優] [Voice Actor AI] シーン5の音声は既に存在するため再利用します。
[2026-06-29 17:45:07] [経営] [CEO] 声優が仕事を完了しました。
[2026-06-29 17:45:07] [経営] [CEO] 編集へ仕事を依頼：動画編集
[2026-06-29 17:45:07] [編集] [Editor AI] 動画編集を開始しました。
[2026-06-29 17:45:07] [編集] [Editor AI] 既存の動画を上書きします。
[2026-06-29 17:45:07] [編集] [Editor AI] シーン1を編集します。6.67秒
[2026-06-29 17:45:07] [編集] [Editor AI] シーン2を編集します。3.15秒
[2026-06-29 17:45:07] [編集] [Editor AI] シーン3を編集します。4.92秒
[2026-06-29 17:45:07] [編集] [Editor AI] シーン4を編集します。4.70秒
[2026-06-29 17:45:07] [編集] [Editor AI] シーン5を編集します。4.67秒
[2026-06-29 17:45:07] [編集] [Editor AI] FFmpegで動画を書き出します。
[2026-06-29 17:48:30] [経営] [CEO] 企画『Planner AI』を採用しました。
[2026-06-29 17:48:30] [経営] [CEO] 脚本『Script Writer AI』を採用しました。
[2026-06-29 17:48:30] [経営] [CEO] 演出『Director AI』を採用しました。
[2026-06-29 17:48:30] [経営] [CEO] 美術『Artist AI』を採用しました。
[2026-06-29 17:48:30] [経営] [CEO] 声優『Voice Actor AI』を採用しました。
[2026-06-29 17:48:30] [経営] [CEO] 編集『Editor AI』を採用しました。
[2026-06-29 17:48:30] [経営] [CEO] 企画へ仕事を依頼：動画企画
[2026-06-29 17:48:30] [企画] [Planner AI] 企画を開始しました。
[2026-06-29 17:48:30] [経営] [CEO] 企画が仕事を完了しました。
[2026-06-29 17:48:30] [経営] [CEO] 脚本へ仕事を依頼：脚本作成
[2026-06-29 17:48:30] [脚本] [Script Writer AI] 脚本作成を開始しました。
[2026-06-29 17:48:30] [経営] [CEO] 脚本が仕事を完了しました。
[2026-06-29 17:48:30] [経営] [CEO] 演出へ仕事を依頼：シーン分割
[2026-06-29 17:48:30] [演出] [Director AI] シーン分割を開始しました。
[2026-06-29 17:48:30] [経営] [CEO] 演出が仕事を完了しました。
[2026-06-29 17:48:30] [経営] [CEO] 美術へ仕事を依頼：画像生成
[2026-06-29 17:48:30] [美術] [Artist AI] 画像生成を開始しました。
[2026-06-29 17:48:30] [美術] [Artist AI] シーン1の画像は既に存在するため再利用します。
[2026-06-29 17:48:30] [美術] [Artist AI] シーン2の画像は既に存在するため再利用します。
[2026-06-29 17:48:30] [美術] [Artist AI] シーン3の画像は既に存在するため再利用します。
[2026-06-29 17:48:30] [美術] [Artist AI] シーン4の画像は既に存在するため再利用します。
[2026-06-29 17:48:30] [美術] [Artist AI] シーン5の画像は既に存在するため再利用します。
[2026-06-29 17:48:30] [経営] [CEO] 美術が仕事を完了しました。
[2026-06-29 17:48:30] [経営] [CEO] 声優へ仕事を依頼：音声生成
[2026-06-29 17:48:30] [声優] [Voice Actor AI] 音声生成を開始しました。
[2026-06-29 17:48:30] [声優] [Voice Actor AI] シーン1の音声は既に存在するため再利用します。
[2026-06-29 17:48:30] [声優] [Voice Actor AI] シーン2の音声は既に存在するため再利用します。
[2026-06-29 17:48:30] [声優] [Voice Actor AI] シーン3の音声は既に存在するため再利用します。
[2026-06-29 17:48:30] [声優] [Voice Actor AI] シーン4の音声は既に存在するため再利用します。
[2026-06-29 17:48:30] [声優] [Voice Actor AI] シーン5の音声は既に存在するため再利用します。
[2026-06-29 17:48:30] [経営] [CEO] 声優が仕事を完了しました。
[2026-06-29 17:48:30] [経営] [CEO] 編集へ仕事を依頼：動画編集
[2026-06-29 17:48:30] [編集] [Editor AI] 動画編集を開始しました。
[2026-06-29 17:48:30] [編集] [Editor AI] シーン1を編集します。6.67秒
[2026-06-29 17:48:30] [編集] [Editor AI] シーン2を編集します。3.15秒
[2026-06-29 17:48:30] [編集] [Editor AI] シーン3を編集します。4.92秒
[2026-06-29 17:48:30] [編集] [Editor AI] シーン4を編集します。4.70秒
[2026-06-29 17:48:30] [編集] [Editor AI] シーン5を編集します。4.67秒
[2026-06-29 17:48:30] [編集] [Editor AI] FFmpegで動画を書き出します。
[2026-06-29 17:50:01] [経営] [CEO] 企画『Planner AI』を採用しました。
[2026-06-29 17:50:01] [経営] [CEO] 脚本『Script Writer AI』を採用しました。
[2026-06-29 17:50:01] [経営] [CEO] 演出『Director AI』を採用しました。
[2026-06-29 17:50:01] [経営] [CEO] 美術『Artist AI』を採用しました。
[2026-06-29 17:50:01] [経営] [CEO] 声優『Voice Actor AI』を採用しました。
[2026-06-29 17:50:01] [経営] [CEO] 編集『Editor AI』を採用しました。
[2026-06-29 17:50:01] [経営] [CEO] 企画へ仕事を依頼：動画企画
[2026-06-29 17:50:01] [企画] [Planner AI] 企画を開始しました。
[2026-06-29 17:50:01] [経営] [CEO] 企画が仕事を完了しました。
[2026-06-29 17:50:01] [経営] [CEO] 脚本へ仕事を依頼：脚本作成
[2026-06-29 17:50:01] [脚本] [Script Writer AI] 脚本作成を開始しました。
[2026-06-29 17:50:01] [経営] [CEO] 脚本が仕事を完了しました。
[2026-06-29 17:50:01] [経営] [CEO] 演出へ仕事を依頼：シーン分割
[2026-06-29 17:50:01] [演出] [Director AI] シーン分割を開始しました。
[2026-06-29 17:50:01] [経営] [CEO] 演出が仕事を完了しました。
[2026-06-29 17:50:01] [経営] [CEO] 美術へ仕事を依頼：画像生成
[2026-06-29 17:50:01] [美術] [Artist AI] 画像生成を開始しました。
[2026-06-29 17:50:01] [美術] [Artist AI] シーン1の画像は既に存在するため再利用します。
[2026-06-29 17:50:01] [美術] [Artist AI] シーン2の画像は既に存在するため再利用します。
[2026-06-29 17:50:01] [美術] [Artist AI] シーン3の画像は既に存在するため再利用します。
[2026-06-29 17:50:01] [美術] [Artist AI] シーン4の画像は既に存在するため再利用します。
[2026-06-29 17:50:01] [美術] [Artist AI] シーン5の画像は既に存在するため再利用します。
[2026-06-29 17:50:01] [経営] [CEO] 美術が仕事を完了しました。
[2026-06-29 17:50:01] [経営] [CEO] 声優へ仕事を依頼：音声生成
[2026-06-29 17:50:01] [声優] [Voice Actor AI] 音声生成を開始しました。
[2026-06-29 17:50:01] [声優] [Voice Actor AI] シーン1の音声は既に存在するため再利用します。
[2026-06-29 17:50:01] [声優] [Voice Actor AI] シーン2の音声は既に存在するため再利用します。
[2026-06-29 17:50:01] [声優] [Voice Actor AI] シーン3の音声は既に存在するため再利用します。
[2026-06-29 17:50:01] [声優] [Voice Actor AI] シーン4の音声は既に存在するため再利用します。
[2026-06-29 17:50:01] [声優] [Voice Actor AI] シーン5の音声は既に存在するため再利用します。
[2026-06-29 17:50:01] [経営] [CEO] 声優が仕事を完了しました。
[2026-06-29 17:50:01] [経営] [CEO] 編集へ仕事を依頼：動画編集
[2026-06-29 17:50:01] [編集] [Editor AI] 動画編集を開始しました。
[2026-06-29 17:50:01] [編集] [Editor AI] 既存の動画を再利用します：C:\Users\Koshi\OneDrive\Desktop\AI会社\outputs\videos\final_video.mp4
[2026-06-29 17:50:01] [経営] [CEO] 編集が仕事を完了しました。
